webrtc/build/intermediates/manifest_merge_blame_file/debug/manifest-merger-blame-debug-report.txt
1<?xml version="1.0" encoding="utf-8"?>
2<manifest xmlns:android="http://schemas.android.com/apk/res/android"
3    package="org.appspot.apprtc" >
4
5    <uses-sdk
6        android:minSdkVersion="21"
6-->src\main\AndroidManifest.xml
7        android:targetSdkVersion="29" />
7-->src\main\AndroidManifest.xml
8
9    <uses-feature android:name="android.hardware.camera" />
9-->src\main\AndroidManifest.xml:5:5-60
9-->src\main\AndroidManifest.xml:5:19-57
10    <uses-feature android:name="android.hardware.camera.autofocus" />
10-->src\main\AndroidManifest.xml:6:5-70
10-->src\main\AndroidManifest.xml:6:19-67
11    <uses-feature
11-->src\main\AndroidManifest.xml:7:5-9:35
12        android:glEsVersion="0x00020000"
12-->src\main\AndroidManifest.xml:8:9-41
13        android:required="true" />
13-->src\main\AndroidManifest.xml:9:9-32
14
15    <uses-permission android:name="android.permission.CAMERA" />
15-->src\main\AndroidManifest.xml:11:5-65
15-->src\main\AndroidManifest.xml:11:22-62
16    <uses-permission android:name="android.permission.CHANGE_NETWORK_STATE" />
16-->src\main\AndroidManifest.xml:12:5-79
16-->src\main\AndroidManifest.xml:12:22-76
17    <uses-permission android:name="android.permission.MODIFY_AUDIO_SETTINGS" />
17-->src\main\AndroidManifest.xml:13:5-80
17-->src\main\AndroidManifest.xml:13:22-77
18    <uses-permission android:name="android.permission.RECORD_AUDIO" />
18-->src\main\AndroidManifest.xml:14:5-71
18-->src\main\AndroidManifest.xml:14:22-68
19    <uses-permission android:name="android.permission.INTERNET" />
19-->src\main\AndroidManifest.xml:15:5-67
19-->src\main\AndroidManifest.xml:15:22-64
20    <uses-permission android:name="android.permission.WRITE_EXTERNAL_STORAGE" />
20-->src\main\AndroidManifest.xml:16:5-81
20-->src\main\AndroidManifest.xml:16:22-78
21    <uses-permission android:name="android.permission.ACCESS_NETWORK_STATE" />
21-->src\main\AndroidManifest.xml:17:5-79
21-->src\main\AndroidManifest.xml:17:22-76
22    <uses-permission android:name="android.permission.BLUETOOTH" />
22-->src\main\AndroidManifest.xml:18:5-68
22-->src\main\AndroidManifest.xml:18:22-65
23
24    <application
24-->src\main\AndroidManifest.xml:20:5-59:19
25        android:allowBackup="false"
25-->src\main\AndroidManifest.xml:21:9-36
26        android:icon="@drawable/ic_launcher"
26-->src\main\AndroidManifest.xml:22:9-45
27        android:label="@string/app_name" >
27-->src\main\AndroidManifest.xml:23:9-41
28
29        <!-- <activity -->
30        <!-- android:name="ConnectActivity" -->
31        <!-- android:label="@string/app_name" -->
32        <!-- android:windowSoftInputMode="adjustPan"> -->
33        <!-- <intent-filter> -->
34        <!-- <action android:name="android.intent.action.MAIN" /> -->
35        <!-- <category android:name="android.intent.category.LAUNCHER" /> -->
36        <!-- </intent-filter> -->
37
38
39        <!-- <intent-filter> -->
40        <!-- <action android:name="android.intent.action.VIEW" /> -->
41
42
43        <!-- <category android:name="android.intent.category.DEFAULT" /> -->
44        <!-- <category android:name="android.intent.category.BROWSABLE" /> -->
45
46
47        <!-- <data -->
48        <!-- android:host="appr.tc" -->
49        <!-- android:scheme="https" /> -->
50        <!-- <data -->
51        <!-- android:host="appr.tc" -->
52        <!-- android:scheme="http" /> -->
53        <!-- </intent-filter> -->
54        <!-- </activity> -->
55
56
57        <!-- <activity -->
58        <!-- android:name="SettingsActivity" -->
59        <!-- android:label="@string/settings_name" /> -->
60
61
62        <!-- <activity -->
63        <!-- android:name="CallActivity" -->
64        <!-- android:configChanges="orientation|screenSize" -->
65        <!-- android:label="@string/app_name" -->
66        <!-- android:screenOrientation="fullUser" -->
67        <!-- android:theme="@style/CallActivityTheme" /> -->
68    </application>
69
70</manifest>